Using pre-set license
Built from '2020.3/staging' branch; Version is '2020.3.0f1 (c7b5465681fb) revision 13088070'; Using compiler version '192528614'; Build Type 'Release'
OS: 'Windows 10 Home; OS build 19041.867; Version 2004; 64bit' Language: 'en' Physical Memory: 16351 MB
BatchMode: 1, IsHumanControllingUs: 0, StartBugReporterOnCrash: 0, Is64bit: 1, IsPro: 0

 COMMAND LINE ARGUMENTS:
D:\Install\Unity\Hub\Editor\2020.3.0f1\Editor\Unity.exe
-adb2
-batchMode
-noUpm
-name
AssetImportWorker0
-projectPath
F:/Unity Projects/Vecpakalniesi
-logFile
Logs/AssetImportWorker0.log
-srvPort
51398
Successfully changed project path to: F:/Unity Projects/Vecpakalniesi
F:/Unity Projects/Vecpakalniesi
Using Asset Import Pipeline V2.
Refreshing native plugins compatible for Editor in 49.98 ms, found 0 plugins.
Preloading 0 native plugins for Editor in 0.00 ms.
Initialize engine version: 2020.3.0f1 (c7b5465681fb)
[Subsystems] Discovering subsystems at path D:/Install/Unity/Hub/Editor/2020.3.0f1/Editor/Data/Resources/UnitySubsystems
[Subsystems] Discovering subsystems at path F:/Unity Projects/Vecpakalniesi/Assets
GfxDevice: creating device client; threaded=0
Direct3D:
    Version:  Direct3D 11.0 [level 11.1]
    Renderer: NVIDIA GeForce GTX 970 (ID=0x13c2)
    Vendor:   
    VRAM:     4043 MB
    Driver:   27.21.14.6192
Initialize mono
Mono path[0] = 'D:/Install/Unity/Hub/Editor/2020.3.0f1/Editor/Data/Managed'
Mono path[1] = 'D:/Install/Unity/Hub/Editor/2020.3.0f1/Editor/Data/MonoBleedingEdge/lib/mono/unityjit'
Mono config path = 'D:/Install/Unity/Hub/Editor/2020.3.0f1/Editor/Data/MonoBleedingEdge/etc'
Using monoOptions --debugger-agent=transport=dt_socket,embedding=1,server=y,suspend=n,address=127.0.0.1:56624
Begin MonoManager ReloadAssembly
Registering precompiled unity dll's ...
Register platform support module: D:/Install/Unity/Hub/Editor/2020.3.0f1/Editor/Data/PlaybackEngines/WindowsStandaloneSupport/UnityEditor.WindowsStandalone.Extensions.dll
Registered in 0.002154 seconds.
Native extension for WindowsStandalone target not found
Refreshing native plugins compatible for Editor in 49.60 ms, found 0 plugins.
Preloading 0 native plugins for Editor in 0.00 ms.
Invoked RoslynAnalysisRunner static constructor.
RoslynAnalysisRunner will not be running.
RoslynAnalysisRunner has terminated.
Mono: successfully reloaded assembly
- Completed reload, in  1.240 seconds
Platform modules already initialized, skipping
Registering precompiled user dll's ...
Registered in 0.000841 seconds.
Begin MonoManager ReloadAssembly
Native extension for WindowsStandalone target not found
Refreshing native plugins compatible for Editor in 0.45 ms, found 0 plugins.
Preloading 0 native plugins for Editor in 0.00 ms.
Invoked RoslynAnalysisRunner static constructor.
RoslynAnalysisRunner will not be running.
RoslynAnalysisRunner has terminated.
Mono: successfully reloaded assembly
- Completed reload, in  1.152 seconds
Platform modules already initialized, skipping
========================================================================
Worker process is ready to serve import requests
Launched and connected shader compiler UnityShaderCompiler.exe after 0.04 seconds
Refreshing native plugins compatible for Editor in 0.49 ms, found 0 plugins.
Preloading 0 native plugins for Editor in 0.00 ms.
Unloading 1518 Unused Serialized files (Serialized files now loaded: 0)
System memory in use before: 77.2 MB.
System memory in use after: 77.3 MB.

Unloading 67 unused Assets to reduce memory usage. Loaded Objects now: 1960.
Total: 2.668700 ms (FindLiveObjects: 0.184100 ms CreateObjectMapping: 0.063700 ms MarkObjects: 2.184600 ms  DeleteObjects: 0.234200 ms)

========================================================================
Received Import Request.
  path: Assets/Vecpakalniesi.unity
  artifactKey: Guid(af5b97e221360cb4ab4c25cf27f96524) Importer(815301076,1909f56bfc062723c751e8b465ee728b)
Start importing Assets/Vecpakalniesi.unity using Guid(af5b97e221360cb4ab4c25cf27f96524) Importer(815301076,1909f56bfc062723c751e8b465ee728b)  -> (artifact id: 'a79f20f61a330ac6a836b4f58c07a2c1') in 0.024389 seconds
  Import took 0.027544 seconds .

========================================================================
Received Prepare
Refreshing native plugins compatible for Editor in 1.06 ms, found 0 plugins.
Preloading 0 native plugins for Editor in 0.00 ms.
Unloading 3 Unused Serialized files (Serialized files now loaded: 0)
System memory in use before: 45.3 MB.
System memory in use after: 45.4 MB.

Unloading 3 unused Assets to reduce memory usage. Loaded Objects now: 1960.
Total: 2.441800 ms (FindLiveObjects: 0.169900 ms CreateObjectMapping: 0.060600 ms MarkObjects: 2.112100 ms  DeleteObjects: 0.097200 ms)

========================================================================
Received Import Request.
  Time since last request: 24.844397 seconds.
  path: Assets/Vecpakalniesi.unity
  artifactKey: Guid(af5b97e221360cb4ab4c25cf27f96524) Importer(815301076,1909f56bfc062723c751e8b465ee728b)
Start importing Assets/Vecpakalniesi.unity using Guid(af5b97e221360cb4ab4c25cf27f96524) Importer(815301076,1909f56bfc062723c751e8b465ee728b)  -> (artifact id: '59f4429b7bf2d5b47151807b0f4e9da7') in 0.007428 seconds
  Import took 0.011214 seconds .

AssetImportWorkerClient::OnTransportError - code=2 error=End of file
